#
# There is insufficient memory for the Java Runtime Environment to continue.
# Native memory allocation (mmap) failed to map 201326592 bytes. Error detail: G1 virtual space
# Possible reasons:
#   The system is out of physical RAM or swap space
#   This process is running with CompressedOops enabled, and the Java Heap may be blocking the growth of the native heap
# Possible solutions:
#   Reduce memory load on the system
#   Increase physical memory or swap space
#   Check if swap backing store is full
#   Decrease Java heap size (-Xmx/-Xms)
#   Decrease number of Java threads
#   Decrease Java thread stack sizes (-Xss)
#   Set larger code cache with -XX:ReservedCodeCacheSize=
#   JVM is running with Zero Based Compressed Oops mode in which the Java heap is
#     placed in the first 32GB address space. The Java Heap base address is the
#     maximum limit for the native heap growth. Please use -XX:HeapBaseMinAddress
#     to set the Java Heap base and to place the Java Heap above 32GB virtual address.
# This output file may be truncated or incomplete.
#
#  Out of Memory Error (os_windows.cpp:3631), pid=472, tid=12676
#
# JRE version:  (22.0.1+8) (build )
# Java VM: Java HotSpot(TM) 64-Bit Server VM (22.0.1+8-16, mixed mode, sharing, tiered, compressed oops, compressed class ptrs, g1 gc, windows-amd64)
# No core dump will be written. Minidumps are not enabled by default on client versions of Windows
#

---------------  S U M M A R Y ------------

Command Line: 

Host: Intel(R) Core(TM) i5-8265U CPU @ 1.60GHz, 8 cores, 11G,  Windows 10 , 64 bit Build 21996 (10.0.21996.1)
Time: Sat Jun 29 13:11:55 2024 Nepal Standard Time elapsed time: 0.018567 seconds (0d 0h 0m 0s)

---------------  T H R E A D  ---------------

Current thread (0x00000264578dd550):  JavaThread "Unknown thread" [_thread_in_vm, id=12676, stack(0x000000ba5b800000,0x000000ba5b900000) (1024K)]

Stack: [0x000000ba5b800000,0x000000ba5b900000]
Native frames: (J=compiled Java code, j=interpreted, Vv=VM code, C=native code)
V  [jvm.dll+0x6e2279]  (no source info available)
V  [jvm.dll+0x874e33]  (no source info available)
V  [jvm.dll+0x87725e]  (no source info available)
V  [jvm.dll+0x877933]  (no source info available)
V  [jvm.dll+0x27fd76]  (no source info available)
V  [jvm.dll+0x6de915]  (no source info available)
V  [jvm.dll+0x6d341a]  (no source info available)
V  [jvm.dll+0x3589da]  (no source info available)
V  [jvm.dll+0x360f06]  (no source info available)
V  [jvm.dll+0x3b3e2e]  (no source info available)
V  [jvm.dll+0x3b40d8]  (no source info available)
V  [jvm.dll+0x32c59c]  (no source info available)
V  [jvm.dll+0x32d158]  (no source info available)
V  [jvm.dll+0x83ccdc]  (no source info available)
V  [jvm.dll+0x3c0d71]  (no source info available)
V  [jvm.dll+0x825ccc]  (no source info available)
V  [jvm.dll+0x45b8fe]  (no source info available)
V  [jvm.dll+0x45d781]  (no source info available)
C  [jli.dll+0x52a3]  (no source info available)
C  [ucrtbase.dll+0x26c0c]  (no source info available)
C  [KERNEL32.DLL+0x154e0]  (no source info available)
C  [ntdll.dll+0x485b]  (no source info available)


---------------  P R O C E S S  ---------------

Threads class SMR info:
_java_thread_list=0x00007ffb7244b1c8, length=0, elements={
}

Java Threads: ( => current thread )
Total: 0

Other Threads:
  0x0000026459aebe30 WorkerThread "GC Thread#0"                     [id=4024, stack(0x000000ba5b900000,0x000000ba5ba00000) (1024K)]
  0x0000026459af8e10 ConcurrentGCThread "G1 Main Marker"            [id=7512, stack(0x000000ba5ba00000,0x000000ba5bb00000) (1024K)]
  0x0000026459afa0c0 WorkerThread "G1 Conc#0"                       [id=7204, stack(0x000000ba5bb00000,0x000000ba5bc00000) (1024K)]

[error occurred during error reporting (printing all threads), id 0xc0000005, EXCEPTION_ACCESS_VIOLATION (0xc0000005) at pc=0x00007ffb71b9f367]
VM state: not at safepoint (not fully initialized)

VM Mutex/Monitor currently owned by a thread:  ([mutex/lock_event])
[0x00007ffb724cbcb8] Heap_lock - owner thread: 0x00000264578dd550

Heap address: 0x0000000741c00000, size: 3044 MB, Compressed Oops mode: Zero based, Oop shift amount: 3

CDS archive(s) mapped at: [0x0000000000000000-0x0000000000000000-0x0000000000000000), size 0, SharedBaseAddress: 0x0000000800000000, ArchiveRelocationMode: 1.
Narrow klass base: 0x0000000000000000, Narrow klass shift: 0, Narrow klass range: 0x0

GC Precious Log:
 CardTable entry size: 512
 Card Set container configuration: InlinePtr #cards 4 size 8 Array Of Cards #cards 16 size 48 Howl #buckets 8 coarsen threshold 3686 Howl Bitmap #cards 512 size 80 coarsen threshold 460 Card regions per heap region 1 cards per card region 4096

Heap:
 garbage-first heap   total reserved 3117056K, committed 0K, used 0K [0x0000000741c00000, 0x0000000800000000)
  region size 2048K, 0 young (0K), 0 survivors (0K)

[error occurred during error reporting (printing heap information), id 0xc0000005, EXCEPTION_ACCESS_VIOLATION (0xc0000005) at pc=0x00007ffb71f9e429]
GC Heap History (0 events):
No events

Dll operation events (1 events):
Event: 0.012 Loaded shared library C:\Program Files\Java\jdk-22\bin\java.dll

Deoptimization events (0 events):
No events

Classes loaded (0 events):
No events

Classes unloaded (0 events):
No events

Classes redefined (0 events):
No events

Internal exceptions (0 events):
No events

ZGC Phase Switch (0 events):
No events

VM Operations (0 events):
No events

Events (0 events):
No events


Dynamic libraries:
0x00007ff672a20000 - 0x00007ff672a30000 	C:\Program Files\Java\jdk-22\bin\java.exe
0x00007ffbdefe0000 - 0x00007ffbdf1e7000 	C:\Windows\SYSTEM32\ntdll.dll
0x00007ffbdd640000 - 0x00007ffbdd6fd000 	C:\Windows\System32\KERNEL32.DLL
0x00007ffbdc7f0000 - 0x00007ffbdcb62000 	C:\Windows\System32\KERNELBASE.dll
0x00007ffbdc5a0000 - 0x00007ffbdc6b1000 	C:\Windows\System32\ucrtbase.dll
0x00007ffba5fc0000 - 0x00007ffba5fdb000 	C:\Program Files\Java\jdk-22\bin\VCRUNTIME140.dll
0x00007ffba6c40000 - 0x00007ffba6c57000 	C:\Program Files\Java\jdk-22\bin\jli.dll
0x00007ffbdd7d0000 - 0x00007ffbdd87c000 	C:\Windows\System32\ADVAPI32.dll
0x00007ffbdec80000 - 0x00007ffbded23000 	C:\Windows\System32\msvcrt.dll
0x00007ffbdcf00000 - 0x00007ffbdcf9d000 	C:\Windows\System32\sechost.dll
0x00007ffbdd0a0000 - 0x00007ffbdd1c1000 	C:\Windows\System32\RPCRT4.dll
0x00007ffbde490000 - 0x00007ffbde63c000 	C:\Windows\System32\USER32.dll
0x00007ffbdcd60000 - 0x00007ffbdcd86000 	C:\Windows\System32\win32u.dll
0x00007ffbddff0000 - 0x00007ffbde019000 	C:\Windows\System32\GDI32.dll
0x00007ffbbfe60000 - 0x00007ffbc0105000 	C:\Windows\WinSxS\amd64_microsoft.windows.common-controls_6595b64144ccf1df_6.0.21996.1_none_7d6b053978bcd706\COMCTL32.dll
0x00007ffbdcd90000 - 0x00007ffbdcea2000 	C:\Windows\System32\gdi32full.dll
0x00007ffbdc500000 - 0x00007ffbdc59d000 	C:\Windows\System32\msvcp_win.dll
0x00007ffbd37e0000 - 0x00007ffbd37ea000 	C:\Windows\SYSTEM32\VERSION.dll
0x00007ffbdceb0000 - 0x00007ffbdcee1000 	C:\Windows\System32\IMM32.DLL
0x00007ffba3de0000 - 0x00007ffba3dec000 	C:\Program Files\Java\jdk-22\bin\vcruntime140_1.dll
0x00007ffba25f0000 - 0x00007ffba267e000 	C:\Program Files\Java\jdk-22\bin\msvcp140.dll
0x00007ffb71860000 - 0x00007ffb725a7000 	C:\Program Files\Java\jdk-22\bin\server\jvm.dll
0x00007ffbdd5d0000 - 0x00007ffbdd63f000 	C:\Windows\System32\WS2_32.dll
0x00007ffbdaf40000 - 0x00007ffbdaf8d000 	C:\Windows\SYSTEM32\POWRPROF.dll
0x00007ffbd5ba0000 - 0x00007ffbd5bd3000 	C:\Windows\SYSTEM32\WINMM.dll
0x00007ffbdb030000 - 0x00007ffbdb043000 	C:\Windows\SYSTEM32\UMPDC.dll
0x00007ffbdb720000 - 0x00007ffbdb737000 	C:\Windows\SYSTEM32\kernel.appcore.dll
0x00007ffbb1750000 - 0x00007ffbb175a000 	C:\Program Files\Java\jdk-22\bin\jimage.dll
0x00007ffbd9be0000 - 0x00007ffbd9e01000 	C:\Windows\SYSTEM32\DBGHELP.DLL
0x00007ffbc14c0000 - 0x00007ffbc14f1000 	C:\Windows\SYSTEM32\dbgcore.DLL
0x00007ffbdcb70000 - 0x00007ffbdcbf0000 	C:\Windows\System32\bcryptPrimitives.dll
0x00007ffbb1730000 - 0x00007ffbb174e000 	C:\Program Files\Java\jdk-22\bin\java.dll
0x00007ffbdd880000 - 0x00007ffbddfe9000 	C:\Windows\System32\SHELL32.dll
0x00007ffbde230000 - 0x00007ffbde3ca000 	C:\Windows\System32\ole32.dll
0x00007ffbdd250000 - 0x00007ffbdd5c5000 	C:\Windows\System32\combase.dll

dbghelp: loaded successfully - version: 4.0.5 - missing functions: none
symbol engine: initialized successfully - sym options: 0x614 - pdb path: .;C:\Program Files\Java\jdk-22\bin;C:\Windows\SYSTEM32;C:\Windows\WinSxS\amd64_microsoft.windows.common-controls_6595b64144ccf1df_6.0.21996.1_none_7d6b053978bcd706;C:\Program Files\Java\jdk-22\bin\server

VM Arguments:
java_command: <unknown>
java_class_path (initial): <not set>
Launcher Type: SUN_STANDARD

[Global flags]
     intx CICompilerCount                          = 4                                         {product} {ergonomic}
     uint ConcGCThreads                            = 2                                         {product} {ergonomic}
     uint G1ConcRefinementThreads                  = 8                                         {product} {ergonomic}
   size_t G1HeapRegionSize                         = 2097152                                   {product} {ergonomic}
   size_t InitialHeapSize                          = 201326592                                 {product} {ergonomic}
   size_t MarkStackSize                            = 4194304                                   {product} {ergonomic}
   size_t MaxHeapSize                              = 3191865344                                {product} {ergonomic}
   size_t MinHeapDeltaBytes                        = 2097152                                   {product} {ergonomic}
   size_t MinHeapSize                              = 8388608                                   {product} {ergonomic}
    uintx NonNMethodCodeHeapSize                   = 5839372                                {pd product} {ergonomic}
    uintx NonProfiledCodeHeapSize                  = 122909434                              {pd product} {ergonomic}
    uintx ProfiledCodeHeapSize                     = 122909434                              {pd product} {ergonomic}
    uintx ReservedCodeCacheSize                    = 251658240                              {pd product} {ergonomic}
     bool SegmentedCodeCache                       = true                                      {product} {ergonomic}
   size_t SoftMaxHeapSize                          = 3191865344                             {manageable} {ergonomic}
     bool UseCompressedOops                        = true                           {product lp64_product} {ergonomic}
     bool UseG1GC                                  = true                                      {product} {ergonomic}
     bool UseLargePagesIndividualAllocation        = false                                  {pd product} {ergonomic}

Logging:
Log output configuration:
 #0: stdout all=warning uptime,level,tags foldmultilines=false
 #1: stderr all=off uptime,level,tags foldmultilines=false

Environment Variables:
PATH=C:\Program Files\Common Files\Oracle\Java\javapath;C:\src\flutter\bin\;C:\Program Files\Common Files\Oracle\Java\javapath;C:\Python312\Scripts\;C:\Python312\;C:\Windows\system32;C:\Windows;C:\Windows\System32\Wbem;C:\Windows\System32\WindowsPowerShell\v1.0\;C:\Windows\System32\OpenSSH\;C:\Program Files (x86)\Microsoft SQL Server\160\Tools\Binn\;C:\Program Files\Microsoft SQL Server\160\Tools\Binn\;C:\Program Files\Microsoft SQL Server\Client SDK\ODBC\170\Tools\Binn\;C:\Program Files\Microsoft SQL Server\160\DTS\Binn\;C:\Program Files (x86)\Microsoft SQL Server\160\DTS\Binn\;C:\Program Files\nodejs\;C:\ProgramData\chocolatey\bin;C:\Program Files\MySQL\MySQL Server 8.0\bin;C:\src\flutter\bin;C:\Program Files\Git\cmd;C:\Program Files\php-8.3.7;C:\composer;C:\Program Files\MySQL\MySQL Shell 8.0\bin\;C:\Users\manis\AppData\Local\Microsoft\WindowsApps;C:\Users\manis\AppData\Local\Programs\Microsoft VS Code\bin;C:\flutter_windows_3.19.6-stable\flutter\bin;C:\Users\manis\AppData\Roaming\npm;C:\Program Files\MySQL\MySQL Server 8.0\bin;C:\Users\manis\AppData\Roaming\Composer\vendor\bin;C:\tools\dart-sdk\bin;C:\Users\manis\AppData\Local\Pub\Cache\bin;;C:\src\flutter\bin\mingit\cmd
USERNAME=manis
LANG=en_US.UTF-8
OS=Windows_NT
PROCESSOR_IDENTIFIER=Intel64 Family 6 Model 142 Stepping 11, GenuineIntel
TMP=C:\Users\manis\AppData\Local\Temp
TEMP=C:\Users\manis\AppData\Local\Temp




Periodic native trim disabled

---------------  S Y S T E M  ---------------

OS:
 Windows 10 , 64 bit Build 21996 (10.0.21996.1)
OS uptime: 0 days 0:07 hours

CPU: total 8 (initial active 8) (4 cores per cpu, 2 threads per core) family 6 model 142 stepping 11 microcode 0xde, cx8, cmov, fxsr, ht, mmx, 3dnowpref, sse, sse2, sse3, ssse3, sse4.1, sse4.2, popcnt, lzcnt, tsc, tscinvbit, avx, avx2, aes, erms, clmul, bmi1, bmi2, adx, fma, vzeroupper, clflush, clflushopt, rdtscp, f16c
Processor Information for all 8 processors :
  Max Mhz: 1800, Current Mhz: 1600, Mhz Limit: 1584

Memory: 4k page, system-wide physical 12175M (928M free)
TotalPageFile size 16271M (AvailPageFile size 44M)
current process WorkingSet (physical memory assigned to process): 11M, peak: 11M
current process commit charge ("private bytes"): 60M, peak: 252M

vm_info: Java HotSpot(TM) 64-Bit Server VM (22.0.1+8-16) for windows-amd64 JRE (22.0.1+8-16), built on 2024-03-12T10:33:16Z by "mach5one" with MS VC++ 17.6 (VS2022)

END.
