#
# There is insufficient memory for the Java Runtime Environment to continue.
# Native memory allocation (mmap) failed to map 3145728 bytes for G1 virtual space
# Possible reasons:
#   The system is out of physical RAM or swap space
#   The process is running with CompressedOops enabled, and the Java Heap may be blocking the growth of the native heap
# Possible solutions:
#   Reduce memory load on the system
#   Increase physical memory or swap space
#   Check if swap backing store is full
#   Decrease Java heap size (-Xmx/-Xms)
#   Decrease number of Java threads
#   Decrease Java thread stack sizes (-Xss)
#   Set larger code cache with -XX:ReservedCodeCacheSize=
#   JVM is running with Zero Based Compressed Oops mode in which the Java heap is
#     placed in the first 32GB address space. The Java Heap base address is the
#     maximum limit for the native heap growth. Please use -XX:HeapBaseMinAddress
#     to set the Java Heap base and to place the Java Heap above 32GB virtual address.
# This output file may be truncated or incomplete.
#
#  Out of Memory Error (os_windows.cpp:3825), pid=12080, tid=5532
#
# JRE version:  (17.0.10) (build )
# Java VM: OpenJDK 64-Bit Server VM (17.0.10+0--11572160, mixed mode, sharing, tiered, compressed oops, compressed class ptrs, g1 gc, windows-amd64)
# No core dump will be written. Minidumps are not enabled by default on client versions of Windows
#

---------------  S U M M A R Y ------------

Command Line: -Dorg.gradle.appname=gradlew org.gradle.wrapper.GradleWrapperMain -q -Ptarget-platform=android-x64 -Ptarget=C:\Users\manis\Documents\leofutsal_userapp\lib\main.dart -Pbase-application-name=android.app.Application -Pdart-defines=RkxVVFRFUl9XRUJfQ0FOVkFTS0lUX1VSTD1odHRwczovL3d3dy5nc3RhdGljLmNvbS9mbHV0dGVyLWNhbnZhc2tpdC9lZGQ4NTQ2MTE2NDU3YmRmMWM1YmRmYjEzZWNiOTQ2M2QyYmI1ZWQ0Lw== -Pdart-obfuscation=false -Ptrack-widget-creation=true -Ptree-shake-icons=false -Pfilesystem-scheme=org-dartlang-root assembleDebug

Host: Intel(R) Core(TM) i5-8265U CPU @ 1.60GHz, 8 cores, 11G,  Windows 10 , 64 bit Build 21996 (10.0.21996.1)
Time: Fri Jun 28 11:06:30 2024 Nepal Standard Time elapsed time: 0.042888 seconds (0d 0h 0m 0s)

---------------  T H R E A D  ---------------

Current thread (0x000001d915cbe7f0):  JavaThread "Unknown thread" [_thread_in_vm, id=5532, stack(0x000000bade300000,0x000000bade400000)]

Stack: [0x000000bade300000,0x000000bade400000]
Native frames: (J=compiled Java code, j=interpreted, Vv=VM code, C=native code)
V  [jvm.dll+0x688e89]
V  [jvm.dll+0x84247a]
V  [jvm.dll+0x8440be]
V  [jvm.dll+0x844723]
V  [jvm.dll+0x24be0f]
V  [jvm.dll+0x685c59]
V  [jvm.dll+0x67a50a]
V  [jvm.dll+0x30cbab]
V  [jvm.dll+0x314056]
V  [jvm.dll+0x363de3]
V  [jvm.dll+0x363fff]
V  [jvm.dll+0x2e2978]
V  [jvm.dll+0x2e38e4]
V  [jvm.dll+0x813011]
V  [jvm.dll+0x371c81]
V  [jvm.dll+0x7f1b66]
V  [jvm.dll+0x3f58df]
V  [jvm.dll+0x3f7511]
C  [jli.dll+0x528f]
C  [ucrtbase.dll+0x26c0c]
C  [KERNEL32.DLL+0x154e0]
C  [ntdll.dll+0x485b]


---------------  P R O C E S S  ---------------

Threads class SMR info:
_java_thread_list=0x00007ffc265bef58, length=0, elements={
}

Java Threads: ( => current thread )

Other Threads:
  0x000001d917e94010 GCTaskThread "GC Thread#0" [stack: 0x000000bade400000,0x000000bade500000] [id=13156]
  0x000001d917ea0da0 ConcurrentGCThread "G1 Main Marker" [stack: 0x000000bade500000,0x000000bade600000] [id=12724]
  0x000001d917ea17c0 ConcurrentGCThread "G1 Conc#0" [stack: 0x000000bade600000,0x000000bade700000] [id=7284]

[error occurred during error reporting (printing all threads), id 0xc0000005, EXCEPTION_ACCESS_VIOLATION (0xc0000005) at pc=0x00007ffc25d73547]

VM state: not at safepoint (not fully initialized)

VM Mutex/Monitor currently owned by a thread:  ([mutex/lock_event])
[0x000001d917e3c640] Heap_lock - owner thread: 0x000001d915cbe7f0

Heap address: 0x0000000741c00000, size: 3044 MB, Compressed Oops mode: Zero based, Oop shift amount: 3

CDS archive(s) mapped at: [0x0000000000000000-0x0000000000000000-0x0000000000000000), size 0, SharedBaseAddress: 0x0000000800000000, ArchiveRelocationMode: 1.
Narrow klass base: 0x0000000000000000, Narrow klass shift: 0, Narrow klass range: 0x0

GC Precious Log:
<Empty>

Heap:
 garbage-first heap   total 0K, used 0K [0x0000000741c00000, 0x0000000800000000)
  region size 2048K, 0 young (0K), 0 survivors (0K)
 Metaspace       used 0K, committed 0K, reserved 0K
  class space    used 0K, committed 0K, reserved 0K

Heap Regions: E=young(eden), S=young(survivor), O=old, HS=humongous(starts), HC=humongous(continues), CS=collection set, F=free, OA=open archive, CA=closed archive, TAMS=top-at-mark-start (previous, next)

Card table byte_map: [0x000001d92ac50000,0x000001d92b250000] _byte_map_base: 0x000001d927242000

Marking Bits (Prev, Next): (CMBitMap*) 0x000001d917e94630, (CMBitMap*) 0x000001d917e94670
 Prev Bits: [0x000001d92b850000, 0x000001d92e7e0000)
 Next Bits: [0x000001d92e7e0000, 0x000001d931770000)

GC Heap History (0 events):
No events

Dll operation events (1 events):
Event: 0.018 Loaded shared library C:\Program Files\Android\Android Studio1\jbr\bin\java.dll

Deoptimization events (0 events):
No events

Classes unloaded (0 events):
No events

Classes redefined (0 events):
No events

Internal exceptions (0 events):
No events

VM Operations (0 events):
No events

Events (0 events):
No events


Dynamic libraries:
0x00007ff6a1c20000 - 0x00007ff6a1c2a000 	C:\Program Files\Android\Android Studio1\jbr\bin\java.exe
0x00007ffc63aa0000 - 0x00007ffc63ca7000 	C:\Windows\SYSTEM32\ntdll.dll
0x00007ffc636d0000 - 0x00007ffc6378d000 	C:\Windows\System32\KERNEL32.DLL
0x00007ffc61270000 - 0x00007ffc615e2000 	C:\Windows\System32\KERNELBASE.dll
0x00007ffc615f0000 - 0x00007ffc61701000 	C:\Windows\System32\ucrtbase.dll
0x00007ffc267c0000 - 0x00007ffc267d7000 	C:\Program Files\Android\Android Studio1\jbr\bin\jli.dll
0x00007ffc63790000 - 0x00007ffc6393c000 	C:\Windows\System32\USER32.dll
0x00007ffc611a0000 - 0x00007ffc611c6000 	C:\Windows\System32\win32u.dll
0x00007ffc61e80000 - 0x00007ffc61ea9000 	C:\Windows\System32\GDI32.dll
0x00007ffc61080000 - 0x00007ffc61192000 	C:\Windows\System32\gdi32full.dll
0x00007ffc611d0000 - 0x00007ffc6126d000 	C:\Windows\System32\msvcp_win.dll
0x00007ffc46dc0000 - 0x00007ffc47065000 	C:\Windows\WinSxS\amd64_microsoft.windows.common-controls_6595b64144ccf1df_6.0.21996.1_none_7d6b053978bcd706\COMCTL32.dll
0x00007ffc267a0000 - 0x00007ffc267bb000 	C:\Program Files\Android\Android Studio1\jbr\bin\VCRUNTIME140.dll
0x00007ffc61970000 - 0x00007ffc61a13000 	C:\Windows\System32\msvcrt.dll
0x00007ffc63290000 - 0x00007ffc632c1000 	C:\Windows\System32\IMM32.DLL
0x00007ffc31250000 - 0x00007ffc3125c000 	C:\Program Files\Android\Android Studio1\jbr\bin\vcruntime140_1.dll
0x00007ffc26710000 - 0x00007ffc2679d000 	C:\Program Files\Android\Android Studio1\jbr\bin\msvcp140.dll
0x00007ffc25a80000 - 0x00007ffc26703000 	C:\Program Files\Android\Android Studio1\jbr\bin\server\jvm.dll
0x00007ffc639b0000 - 0x00007ffc63a5c000 	C:\Windows\System32\ADVAPI32.dll
0x00007ffc63630000 - 0x00007ffc636cd000 	C:\Windows\System32\sechost.dll
0x00007ffc62f20000 - 0x00007ffc63041000 	C:\Windows\System32\RPCRT4.dll
0x00007ffc5fa00000 - 0x00007ffc5fa4d000 	C:\Windows\SYSTEM32\POWRPROF.dll
0x00007ffc0b7e0000 - 0x00007ffc0b7e9000 	C:\Windows\SYSTEM32\WSOCK32.dll
0x00007ffc63940000 - 0x00007ffc639af000 	C:\Windows\System32\WS2_32.dll
0x00007ffc58660000 - 0x00007ffc5866a000 	C:\Windows\SYSTEM32\VERSION.dll
0x00007ffc5af80000 - 0x00007ffc5afb3000 	C:\Windows\SYSTEM32\WINMM.dll
0x00007ffc5faf0000 - 0x00007ffc5fb03000 	C:\Windows\SYSTEM32\UMPDC.dll
0x00007ffc601e0000 - 0x00007ffc601f7000 	C:\Windows\SYSTEM32\kernel.appcore.dll
0x00007ffc0b620000 - 0x00007ffc0b62a000 	C:\Program Files\Android\Android Studio1\jbr\bin\jimage.dll
0x00007ffc5e360000 - 0x00007ffc5e581000 	C:\Windows\SYSTEM32\DBGHELP.DLL
0x00007ffc43f70000 - 0x00007ffc43fa1000 	C:\Windows\SYSTEM32\dbgcore.DLL
0x00007ffc61780000 - 0x00007ffc61800000 	C:\Windows\System32\bcryptPrimitives.dll
0x00007ffc0b5f0000 - 0x00007ffc0b615000 	C:\Program Files\Android\Android Studio1\jbr\bin\java.dll

dbghelp: loaded successfully - version: 4.0.5 - missing functions: none
symbol engine: initialized successfully - sym options: 0x614 - pdb path: .;C:\Program Files\Android\Android Studio1\jbr\bin;C:\Windows\SYSTEM32;C:\Windows\WinSxS\amd64_microsoft.windows.common-controls_6595b64144ccf1df_6.0.21996.1_none_7d6b053978bcd706;C:\Program Files\Android\Android Studio1\jbr\bin\server

VM Arguments:
jvm_args: -Dorg.gradle.appname=gradlew 
java_command: org.gradle.wrapper.GradleWrapperMain -q -Ptarget-platform=android-x64 -Ptarget=C:\Users\manis\Documents\leofutsal_userapp\lib\main.dart -Pbase-application-name=android.app.Application -Pdart-defines=RkxVVFRFUl9XRUJfQ0FOVkFTS0lUX1VSTD1odHRwczovL3d3dy5nc3RhdGljLmNvbS9mbHV0dGVyLWNhbnZhc2tpdC9lZGQ4NTQ2MTE2NDU3YmRmMWM1YmRmYjEzZWNiOTQ2M2QyYmI1ZWQ0Lw== -Pdart-obfuscation=false -Ptrack-widget-creation=true -Ptree-shake-icons=false -Pfilesystem-scheme=org-dartlang-root assembleDebug
java_class_path (initial): C:\Users\manis\Documents\leofutsal_userapp\android\\gradle\wrapper\gradle-wrapper.jar
Launcher Type: SUN_STANDARD

[Global flags]
     intx CICompilerCount                          = 4                                         {product} {ergonomic}
     uint ConcGCThreads                            = 2                                         {product} {ergonomic}
     uint G1ConcRefinementThreads                  = 8                                         {product} {ergonomic}
   size_t G1HeapRegionSize                         = 2097152                                   {product} {ergonomic}
    uintx GCDrainStackTargetSize                   = 64                                        {product} {ergonomic}
   size_t InitialHeapSize                          = 201326592                                 {product} {ergonomic}
   size_t MarkStackSize                            = 4194304                                   {product} {ergonomic}
   size_t MaxHeapSize                              = 3191865344                                {product} {ergonomic}
   size_t MinHeapDeltaBytes                        = 2097152                                   {product} {ergonomic}
   size_t MinHeapSize                              = 8388608                                   {product} {ergonomic}
    uintx NonNMethodCodeHeapSize                   = 5839372                                {pd product} {ergonomic}
    uintx NonProfiledCodeHeapSize                  = 122909434                              {pd product} {ergonomic}
    uintx ProfiledCodeHeapSize                     = 122909434                              {pd product} {ergonomic}
    uintx ReservedCodeCacheSize                    = 251658240                              {pd product} {ergonomic}
     bool SegmentedCodeCache                       = true                                      {product} {ergonomic}
   size_t SoftMaxHeapSize                          = 3191865344                             {manageable} {ergonomic}
     bool UseCompressedClassPointers               = true                           {product lp64_product} {ergonomic}
     bool UseCompressedOops                        = true                           {product lp64_product} {ergonomic}
     bool UseG1GC                                  = true                                      {product} {ergonomic}
     bool UseLargePagesIndividualAllocation        = false                                  {pd product} {ergonomic}

Logging:
Log output configuration:
 #0: stdout all=warning uptime,level,tags
 #1: stderr all=off uptime,level,tags

Environment Variables:
JAVA_HOME=C:\Program Files\Android\Android Studio1\jbr
CLASSPATH=C:\Users\manis\Documents\leofutsal_userapp\android\\gradle\wrapper\gradle-wrapper.jar
PATH=C:\Program Files\Android\Android Studio1\jbr\bin;C:\src\flutter\bin\;C:\Program Files\Common Files\Oracle\Java\javapath;C:\Python312\Scripts\;C:\Python312\;C:\Windows\system32;C:\Windows;C:\Windows\System32\Wbem;C:\Windows\System32\WindowsPowerShell\v1.0\;C:\Windows\System32\OpenSSH\;C:\Program Files (x86)\Microsoft SQL Server\160\Tools\Binn\;C:\Program Files\Microsoft SQL Server\160\Tools\Binn\;C:\Program Files\Microsoft SQL Server\Client SDK\ODBC\170\Tools\Binn\;C:\Program Files\Microsoft SQL Server\160\DTS\Binn\;C:\Program Files (x86)\Microsoft SQL Server\160\DTS\Binn\;C:\Program Files\nodejs\;C:\ProgramData\chocolatey\bin;C:\Program Files\MySQL\MySQL Server 8.0\bin;C:\src\flutter\bin;C:\Program Files\Git\cmd;C:\Program Files\php-8.3.7;C:\composer;C:\Program Files\MySQL\MySQL Shell 8.0\bin\;C:\Users\manis\AppData\Local\Microsoft\WindowsApps;C:\Users\manis\AppData\Local\Programs\Microsoft VS Code\bin;C:\flutter_windows_3.19.6-stable\flutter\bin;C:\Users\manis\AppData\Roaming\npm;C:\Program Files\MySQL\MySQL Server 8.0\bin;C:\Users\manis\AppData\Roaming\Composer\vendor\bin;C:\tools\dart-sdk\bin;C:\Users\manis\AppData\Local\Pub\Cache\bin;;C:\src\flutter\bin\mingit\cmd
USERNAME=manis
LANG=en_US.UTF-8
OS=Windows_NT
PROCESSOR_IDENTIFIER=Intel64 Family 6 Model 142 Stepping 11, GenuineIntel
TMP=C:\Users\manis\AppData\Local\Temp
TEMP=C:\Users\manis\AppData\Local\Temp



Periodic native trim disabled

JNI global refs:
JNI global refs: 0, weak refs: 0

JNI global refs memory usage: 0, weak refs: 0

OOME stack traces (most recent first):
Classloader memory used:


---------------  S Y S T E M  ---------------

OS:
 Windows 10 , 64 bit Build 21996 (10.0.21996.1)
OS uptime: 0 days 0:53 hours

CPU: total 8 (initial active 8) (4 cores per cpu, 2 threads per core) family 6 model 142 stepping 11 microcode 0xde, cx8, cmov, fxsr, ht, mmx, 3dnowpref, sse, sse2, sse3, ssse3, sse4.1, sse4.2, popcnt, lzcnt, tsc, tscinvbit, avx, avx2, aes, erms, clmul, bmi1, bmi2, adx, fma, vzeroupper, clflush, clflushopt
Processor Information for all 8 processors :
  Max Mhz: 1800, Current Mhz: 1600, Mhz Limit: 1584

Memory: 4k page, system-wide physical 12175M (1465M free)
TotalPageFile size 16271M (AvailPageFile size 5M)
current process WorkingSet (physical memory assigned to process): 10M, peak: 10M
current process commit charge ("private bytes"): 252M, peak: 255M

vm_info: OpenJDK 64-Bit Server VM (17.0.10+0--11572160) for windows-amd64 JRE (17.0.10+0--11572160), built on Mar 13 2024 23:56:38 by "androidbuild" with MS VC++ 16.10 / 16.11 (VS2019)

END.
